<?xml version="1.0" encoding="UTF-8"?>
<!-- Generated by org.testng.reporters.JUnitReportReporter -->
<testsuite skipped="0" hostname="WINDOWS-CJ11314" name="com.Porsche.tests.tests.smoke_tests.SelectingBrand" tests="1" failures="0" timestamp="02 Feb 2019 06:41:05 GMT" time="31.175" errors="0">
  <testcase name="selecting718" time="31.175" classname="com.Porsche.tests.tests.smoke_tests.SelectingBrand"/>
</testsuite> <!-- com.Porsche.tests.tests.smoke_tests.SelectingBrand -->
